<?xml version="1.0" encoding="utf-8" standalone="no"?>
<!--This file represents the results of running a test suite-->
<test-results name="E:\WORK\WORK\ITRANSITION\Training\Itransition.Training.Data\Data.nunit" total="1" failures="0" not-run="0" date="2008-04-27" time="22:08:56">
  <environment nunit-version="2.4.5.0" clr-version="2.0.50727.1433" os-version="Microsoft Windows NT 5.1.2600 Service Pack 2" platform="Win32NT" cwd="E:\WORK\WORK\ITRANSITION\Training\Itransition.Training.Data\bin\Debug" machine-name="USER1" user="Администратор" user-domain="USER1" />
  <culture-info current-culture="ru-RU" current-uiculture="ru-RU" />
  <test-suite name="E:\WORK\WORK\ITRANSITION\Training\Itransition.Training.Data\Data.nunit" success="True" time="9.383" asserts="0">
    <results>
      <test-suite name="E:\WORK\WORK\ITRANSITION\Training\Itransition.Training.Data\bin\Debug\Itransition.Training.Data.dll" success="True" time="9.383" asserts="0">
        <results>
          <test-suite name="Itransition" success="True" time="9.383" asserts="0">
            <results>
              <test-suite name="Training" success="True" time="9.373" asserts="0">
                <results>
                  <test-suite name="Data" success="True" time="9.373" asserts="0">
                    <results>
                      <test-suite name="TagTest" success="True" time="9.373" asserts="0">
                        <results>
                          <test-case name="Itransition.Training.Data.TagTest.Delete" executed="True" success="True" time="9.363" asserts="0" />
                        </results>
                      </test-suite>
                    </results>
                  </test-suite>
                </results>
              </test-suite>
            </results>
          </test-suite>
        </results>
      </test-suite>
    </results>
  </test-suite>
</test-results>