<?xml version="1.0" encoding="utf-8" standalone="no"?>
<!--This file represents the results of running a test suite-->
<test-results name="E:\WORK\WORK\ITRANSITION\Training\UniqueIdentifier\UniqueIdentifier.nunit" total="1" failures="0" not-run="0" date="2008-04-14" time="17:40:34">
  <environment nunit-version="2.4.5.0" clr-version="2.0.50727.1433" os-version="Microsoft Windows NT 5.1.2600 Service Pack 2" platform="Win32NT" cwd="E:\WORK\WORK\ITRANSITION\Training\UniqueIdentifier" machine-name="ASD" user="Администратор" user-domain="ASD" />
  <culture-info current-culture="ru-RU" current-uiculture="ru-RU" />
  <test-suite name="E:\WORK\WORK\ITRANSITION\Training\UniqueIdentifier\UniqueIdentifier.nunit" success="True" time="0.040" asserts="0">
    <results>
      <test-suite name="E:\WORK\WORK\ITRANSITION\Training\UniqueIdentifier\bin\Debug\UniqueIdentifier.dll" success="True" time="0.030" asserts="0">
        <results>
          <test-suite name="Itransition" success="True" time="0.030" asserts="0">
            <results>
              <test-suite name="Training" success="True" time="0.030" asserts="0">
                <results>
                  <test-suite name="UniqueIdentifierTest" success="True" time="0.030" asserts="0">
                    <results>
                      <test-case name="Itransition.Training.UniqueIdentifierTest.GetNewIdentifier" executed="True" success="True" time="0.020" asserts="100" />
                    </results>
                  </test-suite>
                </results>
              </test-suite>
            </results>
          </test-suite>
        </results>
      </test-suite>
    </results>
  </test-suite>
</test-results>